Drill report for FiltSure Prototype Three.kicad_pcb
Created on 2026-02-03T13:11:26-0600

Copper Layer Stackup:
    =============================================================
    L1 :  F.Cu                      front
    L1 :  B.Cu                      back


Drill file 'FiltSure Prototype Three-PTH.drl' contains
    plated through holes:
    =============================================================
    T1  0.200mm  0.0079"  (2 holes)
    T2  0.300mm  0.0118"  (11 holes)
    T3  0.600mm  0.0236"  (41 holes)
    T4  1.000mm  0.0394"  (21 holes)
    T5  1.016mm  0.0400"  (32 holes)

    Total plated holes count 107


Drill file 'FiltSure Prototype Three-NPTH.drl' contains
    unplated through holes:
    =============================================================
    T1  3.200mm  0.1260"  (4 holes)

    Total unplated holes count 4
